H:\PAT\PAT\B1046\B1046\B1046\DEBUG\B1046.EXE.EMBED.MANIFEST
H:\PAT\PAT\B1046\B1046\B1046\DEBUG\B1046.EXE.EMBED.MANIFEST.RES
H:\PAT\PAT\B1046\B1046\B1046\DEBUG\B1046.EXE.INTERMEDIATE.MANIFEST
H:\PAT\PAT\B1046\B1046\B1046\DEBUG\B1046.OBJ
H:\PAT\PAT\B1046\B1046\B1046\Debug\B1046.vcxprojResolveAssemblyReference.cache
H:\PAT\PAT\B1046\B1046\B1046\Debug\B1046.write.1.tlog
H:\PAT\PAT\B1046\B1046\B1046\Debug\B1046_manifest.rc
H:\PAT\PAT\B1046\B1046\B1046\Debug\cl.command.1.tlog
H:\PAT\PAT\B1046\B1046\B1046\Debug\CL.read.1.tlog
H:\PAT\PAT\B1046\B1046\B1046\Debug\CL.write.1.tlog
H:\PAT\PAT\B1046\B1046\B1046\Debug\link.25028.read.1.tlog
H:\PAT\PAT\B1046\B1046\B1046\Debug\link.25028.write.1.tlog
H:\PAT\PAT\B1046\B1046\B1046\Debug\link.25028-cvtres.read.1.tlog
H:\PAT\PAT\B1046\B1046\B1046\Debug\link.25028-cvtres.write.1.tlog
H:\PAT\PAT\B1046\B1046\B1046\Debug\link.7464.read.1.tlog
H:\PAT\PAT\B1046\B1046\B1046\Debug\link.7464.write.1.tlog
H:\PAT\PAT\B1046\B1046\B1046\Debug\link.7464-cvtres.read.1.tlog
H:\PAT\PAT\B1046\B1046\B1046\Debug\link.7464-cvtres.write.1.tlog
H:\PAT\PAT\B1046\B1046\B1046\Debug\link.8808.read.1.tlog
H:\PAT\PAT\B1046\B1046\B1046\Debug\link.8808.write.1.tlog
H:\PAT\PAT\B1046\B1046\B1046\Debug\link.8808-cvtres.read.1.tlog
H:\PAT\PAT\B1046\B1046\B1046\Debug\link.8808-cvtres.write.1.tlog
H:\PAT\PAT\B1046\B1046\B1046\Debug\link.command.1.tlog
H:\PAT\PAT\B1046\B1046\B1046\Debug\link.read.1.tlog
H:\PAT\PAT\B1046\B1046\B1046\Debug\link.write.1.tlog
H:\PAT\PAT\B1046\B1046\B1046\Debug\link-cvtres.read.1.tlog
H:\PAT\PAT\B1046\B1046\B1046\Debug\link-cvtres.write.1.tlog
H:\PAT\PAT\B1046\B1046\B1046\Debug\mt.command.1.tlog
H:\PAT\PAT\B1046\B1046\B1046\Debug\mt.read.1.tlog
H:\PAT\PAT\B1046\B1046\B1046\Debug\mt.write.1.tlog
H:\PAT\PAT\B1046\B1046\B1046\Debug\rc.command.1.tlog
H:\PAT\PAT\B1046\B1046\B1046\Debug\rc.read.1.tlog
H:\PAT\PAT\B1046\B1046\B1046\Debug\rc.write.1.tlog
H:\PAT\PAT\B1046\B1046\B1046\Debug\vc100.idb
H:\PAT\PAT\B1046\B1046\B1046\DEBUG\VC100.PDB
H:\PAT\PAT\B1046\B1046\DEBUG\B1046.EXE
H:\PAT\PAT\B1046\B1046\DEBUG\B1046.ILK
H:\PAT\PAT\B1046\B1046\DEBUG\B1046.PDB
